InnoDB: The first specified data file .\ibdata1 did not exist:
InnoDB: a new database to be created!
091211 10:32:47  InnoDB: Setting file .\ibdata1 size to 10 MB
InnoDB: Database physically writes the file full: wait...
091211 10:32:51  InnoDB: Log file .\ib_logfile0 did not exist: new to be created
InnoDB: Setting log file .\ib_logfile0 size to 10 MB
InnoDB: Database physically writes the file full: wait...
091211 10:32:56  InnoDB: Log file .\ib_logfile1 did not exist: new to be created
InnoDB: Setting log file .\ib_logfile1 size to 10 MB
InnoDB: Database physically writes the file full: wait...
InnoDB: Doublewrite buffer not found: creating new
InnoDB: Doublewrite buffer created
InnoDB: Creating foreign key constraint system tables
InnoDB: Foreign key constraint system tables created
091211 10:33:04  InnoDB: Started; log sequence number 0 0
091211 10:33:06 [Note] C:\Program Files\MySQL\MySQL Server 5.0\bin\mysqld-nt: ready for connections.
Version: '5.0.51b-community-nt'  socket: ''  port: 3306  MySQL Community Edition (GPL)
091212  0:50:29 [Note] C:\Program Files\MySQL\MySQL Server 5.0\bin\mysqld-nt: Normal shutdown

091212  9:58:49  InnoDB: Started; log sequence number 0 59955
091212  9:58:59 [Note] C:\Program Files\MySQL\MySQL Server 5.0\bin\mysqld-nt: ready for connections.
Version: '5.0.51b-community-nt'  socket: ''  port: 3306  MySQL Community Edition (GPL)
091213  3:04:19 [Note] C:\Program Files\MySQL\MySQL Server 5.0\bin\mysqld-nt: Normal shutdown

091213 13:03:22  InnoDB: Started; log sequence number 0 67380
091213 13:03:36 [Note] C:\Program Files\MySQL\MySQL Server 5.0\bin\mysqld-nt: ready for connections.
Version: '5.0.51b-community-nt'  socket: ''  port: 3306  MySQL Community Edition (GPL)
